<?xml version="1.0" encoding="UTF-8"?>
<!-- Generated by org.testng.reporters.JUnitReportReporter -->
<testsuite skipped="0" hostname="LAPTOP-DR1UCT03" name="com.freecrm.qa.testCases.LoginPageTest" tests="1" failures="0" timestamp="31 Dec 2018 00:21:45 GMT" time="0.126" errors="0">
  <testcase name="loginPageSupportLnkTest" time="0.126" classname="com.freecrm.qa.testCases.LoginPageTest"/>
</testsuite> <!-- com.freecrm.qa.testCases.LoginPageTest -->
