<?xml version="1.0" encoding="UTF-8"?>
<!-- Generated by org.testng.reporters.JUnitReportReporter -->
<testsuite skipped="0" hostname="shashikanth-PC" name="com.freecrm.qa.testCases.NewContactPageTest" tests="5" failures="0" timestamp="15 Jan 2019 06:48:10 GMT" time="174.842" errors="0">
  <testcase name="testContentInTopMenuPanelInUserPages" time="26.212" classname="com.freecrm.qa.testCases.NewContactPageTest"/>
  <testcase name="addContactTest" time="38.368" classname="com.freecrm.qa.testCases.NewContactPageTest"/>
  <testcase name="addContactTest" time="35.894" classname="com.freecrm.qa.testCases.NewContactPageTest"/>
  <testcase name="addContactTest" time="36.106" classname="com.freecrm.qa.testCases.NewContactPageTest"/>
  <testcase name="addContactTest" time="38.262" classname="com.freecrm.qa.testCases.NewContactPageTest"/>
</testsuite> <!-- com.freecrm.qa.testCases.NewContactPageTest -->
