<?xml version="1.0" encoding="UTF-8"?>
<!-- Generated by org.testng.reporters.JUnitReportReporter -->
<testsuite skipped="0" hostname="shashikanth-PC" name="com.freecrm.qa.testCases.LoginPageTest" tests="3" failures="0" timestamp="15 Jan 2019 05:32:20 GMT" time="47.438" errors="0">
  <testcase name="loginTest" time="18.641" classname="com.freecrm.qa.testCases.LoginPageTest"/>
  <testcase name="loginTest" time="18.938" classname="com.freecrm.qa.testCases.LoginPageTest"/>
  <testcase name="loginPageContentTest" time="9.859" classname="com.freecrm.qa.testCases.LoginPageTest"/>
</testsuite> <!-- com.freecrm.qa.testCases.LoginPageTest -->
