<?xml version="1.0" encoding="UTF-8"?>
<!-- Generated by org.testng.reporters.JUnitReportReporter -->
<testsuite skipped="0" hostname="shashikanth-PC" name="com.freecrm.qa.testCases.MyHomePageTest" tests="1" failures="0" timestamp="15 Jan 2019 05:32:20 GMT" time="21.794" errors="0">
  <testcase name="testContentInTopMenuPanelInUserPages" time="21.794" classname="com.freecrm.qa.testCases.MyHomePageTest"/>
</testsuite> <!-- com.freecrm.qa.testCases.MyHomePageTest -->
